1636386220999	geckodriver	INFO	Listening on 127.0.0.1:49233
1636386224064	mozrunner::runner	INFO	Running command: "C:\\Program Files\\Mozilla Firefox\\firefox.exe" "--marionette" "-no-remote" "-profile" "C:\\Users\\pawel\\AppData\\Local\\Temp\\rust_mozprofilekFdnGE"
1636386224510	Marionette	INFO	Marionette enabled
console.warn: SearchSettings: "get: No settings file exists, new profile?" (new NotFoundError("Could not open the file at C:\\Users\\pawel\\AppData\\Local\\Temp\\rust_mozprofilekFdnGE\\search.json.mozlz4", (void 0)))
1636386226523	Marionette	INFO	Listening on port 49241
1636386226738	RemoteAgent	WARN	TLS certificate errors will be ignored for this session
JavaScript error: resource://gre/actors/AutoCompleteChild.jsm, line 125: Error: Invalid autocomplete selectedIndex
1636386232906	Marionette	INFO	Stopped listening on port 49241
JavaScript error: resource:///modules/Interactions.jsm, line 201: NS_ERROR_FAILURE: Component returned failure code: 0x80004005 (NS_ERROR_FAILURE) [nsIUserIdleService.removeIdleObserver]

###!!! [Parent][RunMessage] Error: Channel closing: too late to send/recv, messages will be lost

1636386233357	geckodriver	INFO	Listening on 127.0.0.1:49291
1636386236411	mozrunner::runner	INFO	Running command: "C:\\Program Files\\Mozilla Firefox\\firefox.exe" "--marionette" "-no-remote" "-profile" "C:\\Users\\pawel\\AppData\\Local\\Temp\\rust_mozprofileb6ZCzq"
1636386236641	Marionette	INFO	Marionette enabled
console.warn: SearchSettings: "get: No settings file exists, new profile?" (new NotFoundError("Could not open the file at C:\\Users\\pawel\\AppData\\Local\\Temp\\rust_mozprofileb6ZCzq\\search.json.mozlz4", (void 0)))
1636386238535	Marionette	INFO	Listening on port 49299
1636386238555	RemoteAgent	WARN	TLS certificate errors will be ignored for this session
JavaScript error: resource://gre/actors/AutoCompleteChild.jsm, line 125: Error: Invalid autocomplete selectedIndex
1636386241666	Marionette	INFO	Stopped listening on port 49299
JavaScript error: resource:///modules/Interactions.jsm, line 201: NS_ERROR_FAILURE: Component returned failure code: 0x80004005 (NS_ERROR_FAILURE) [nsIUserIdleService.removeIdleObserver]

###!!! [Parent][RunMessage] Error: Channel closing: too late to send/recv, messages will be lost

1636386242120	geckodriver	INFO	Listening on 127.0.0.1:49340
1636386245172	mozrunner::runner	INFO	Running command: "C:\\Program Files\\Mozilla Firefox\\firefox.exe" "--marionette" "-no-remote" "-profile" "C:\\Users\\pawel\\AppData\\Local\\Temp\\rust_mozprofilepXQtbH"
1636386245408	Marionette	INFO	Marionette enabled
console.warn: SearchSettings: "get: No settings file exists, new profile?" (new NotFoundError("Could not open the file at C:\\Users\\pawel\\AppData\\Local\\Temp\\rust_mozprofilepXQtbH\\search.json.mozlz4", (void 0)))
1636386247218	Marionette	INFO	Listening on port 49350
1636386247310	RemoteAgent	WARN	TLS certificate errors will be ignored for this session
1636386247382	Marionette	INFO	Stopped listening on port 49350
JavaScript error: resource:///modules/Interactions.jsm, line 201: NS_ERROR_FAILURE: Component returned failure code: 0x80004005 (NS_ERROR_FAILURE) [nsIUserIdleService.removeIdleObserver]
console.error: Region.jsm: "Error fetching region" (new TypeError("NetworkError when attempting to fetch resource.", ""))
console.error: Region.jsm: "Failed to fetch region" (new Error("NO_RESULT", "resource://gre/modules/Region.jsm", 419))

###!!! [Parent][RunMessage] Error: Channel closing: too late to send/recv, messages will be lost

1639237992537	geckodriver	INFO	Listening on 127.0.0.1:57383
1639237995615	mozrunner::runner	INFO	Running command: "C:\\Program Files\\Mozilla Firefox\\firefox.exe" "--marionette" "-no-remote" "-profile" "C:\\Users\\pawel\\AppData\\Local\\Temp\\rust_mozprofile1s60Sy"
1639237996070	Marionette	INFO	Marionette enabled
console.warn: SearchSettings: "get: No settings file exists, new profile?" (new NotFoundError("Could not open the file at C:\\Users\\pawel\\AppData\\Local\\Temp\\rust_mozprofile1s60Sy\\search.json.mozlz4", (void 0)))
1639237998237	Marionette	INFO	Listening on port 57392
1639237998320	RemoteAgent	WARN	TLS certificate errors will be ignored for this session
1639237998414	Marionette	INFO	Stopped listening on port 57392
JavaScript error: resource:///modules/Interactions.jsm, line 201: NS_ERROR_FAILURE: Component returned failure code: 0x80004005 (NS_ERROR_FAILURE) [nsIUserIdleService.removeIdleObserver]
console.warn: services.settings: main/partitioning-exempt-urls sync interrupted by shutdown
console.error: Region.jsm: "Error fetching region" (new TypeError("NetworkError when attempting to fetch resource.", ""))
console.error: Region.jsm: "Failed to fetch region" (new Error("NO_RESULT", "resource://gre/modules/Region.jsm", 419))
1639237998872	geckodriver	INFO	Listening on 127.0.0.1:57418
1639238001939	mozrunner::runner	INFO	Running command: "C:\\Program Files\\Mozilla Firefox\\firefox.exe" "--marionette" "-no-remote" "-profile" "C:\\Users\\pawel\\AppData\\Local\\Temp\\rust_mozprofilewop0mJ"
1639238002187	Marionette	INFO	Marionette enabled
console.warn: SearchSettings: "get: No settings file exists, new profile?" (new NotFoundError("Could not open the file at C:\\Users\\pawel\\AppData\\Local\\Temp\\rust_mozprofilewop0mJ\\search.json.mozlz4", (void 0)))
1639238003996	Marionette	INFO	Listening on port 57427
1639238004096	RemoteAgent	WARN	TLS certificate errors will be ignored for this session
1639238004189	Marionette	INFO	Stopped listening on port 57427
JavaScript error: resource:///modules/Interactions.jsm, line 201: NS_ERROR_FAILURE: Component returned failure code: 0x80004005 (NS_ERROR_FAILURE) [nsIUserIdleService.removeIdleObserver]
console.error: Region.jsm: "Error fetching region" (new TypeError("NetworkError when attempting to fetch resource.", ""))
console.error: Region.jsm: "Failed to fetch region" (new Error("NO_RESULT", "resource://gre/modules/Region.jsm", 419))

###!!! [Parent][RunMessage] Error: Channel closing: too late to send/recv, messages will be lost

1639238051613	geckodriver	INFO	Listening on 127.0.0.1:57477
1639238054671	mozrunner::runner	INFO	Running command: "C:\\Program Files\\Mozilla Firefox\\firefox.exe" "--marionette" "-no-remote" "-profile" "C:\\Users\\pawel\\AppData\\Local\\Temp\\rust_mozprofileAiEwH2"
1639238054904	Marionette	INFO	Marionette enabled
console.warn: SearchSettings: "get: No settings file exists, new profile?" (new NotFoundError("Could not open the file at C:\\Users\\pawel\\AppData\\Local\\Temp\\rust_mozprofileAiEwH2\\search.json.mozlz4", (void 0)))
1639238056829	Marionette	INFO	Listening on port 57485
1639238057328	RemoteAgent	WARN	TLS certificate errors will be ignored for this session
JavaScript error: resource://gre/actors/AutoCompleteChild.jsm, line 125: Error: Invalid autocomplete selectedIndex
1639238063488	Marionette	INFO	Stopped listening on port 57485
JavaScript error: resource:///modules/Interactions.jsm, line 201: NS_ERROR_FAILURE: Component returned failure code: 0x80004005 (NS_ERROR_FAILURE) [nsIUserIdleService.removeIdleObserver]

###!!! [Parent][RunMessage] Error: Channel closing: too late to send/recv, messages will be lost

1639238063952	geckodriver	INFO	Listening on 127.0.0.1:57530
1639238066985	mozrunner::runner	INFO	Running command: "C:\\Program Files\\Mozilla Firefox\\firefox.exe" "--marionette" "-no-remote" "-profile" "C:\\Users\\pawel\\AppData\\Local\\Temp\\rust_mozprofilezbnsuO"
1639238067228	Marionette	INFO	Marionette enabled
console.warn: SearchSettings: "get: No settings file exists, new profile?" (new NotFoundError("Could not open the file at C:\\Users\\pawel\\AppData\\Local\\Temp\\rust_mozprofilezbnsuO\\search.json.mozlz4", (void 0)))
1639238069011	Marionette	INFO	Listening on port 57539
1639238069030	RemoteAgent	WARN	TLS certificate errors will be ignored for this session
JavaScript error: resource://gre/actors/AutoCompleteChild.jsm, line 125: Error: Invalid autocomplete selectedIndex
1639238072139	Marionette	INFO	Stopped listening on port 57539
JavaScript error: resource:///modules/Interactions.jsm, line 201: NS_ERROR_FAILURE: Component returned failure code: 0x80004005 (NS_ERROR_FAILURE) [nsIUserIdleService.removeIdleObserver]

###!!! [Parent][RunMessage] Error: Channel closing: too late to send/recv, messages will be lost

1639238072622	geckodriver	INFO	Listening on 127.0.0.1:57580
1639238075677	mozrunner::runner	INFO	Running command: "C:\\Program Files\\Mozilla Firefox\\firefox.exe" "--marionette" "-no-remote" "-profile" "C:\\Users\\pawel\\AppData\\Local\\Temp\\rust_mozprofileNhBagu"
1639238075932	Marionette	INFO	Marionette enabled
console.warn: SearchSettings: "get: No settings file exists, new profile?" (new NotFoundError("Could not open the file at C:\\Users\\pawel\\AppData\\Local\\Temp\\rust_mozprofileNhBagu\\search.json.mozlz4", (void 0)))
1639238077811	Marionette	INFO	Listening on port 57588
1639238077837	RemoteAgent	WARN	TLS certificate errors will be ignored for this session
1639238077906	Marionette	INFO	Stopped listening on port 57588
JavaScript error: resource:///modules/Interactions.jsm, line 201: NS_ERROR_FAILURE: Component returned failure code: 0x80004005 (NS_ERROR_FAILURE) [nsIUserIdleService.removeIdleObserver]
console.error: Region.jsm: "Error fetching region" (new TypeError("NetworkError when attempting to fetch resource.", ""))
console.error: Region.jsm: "Failed to fetch region" (new Error("NO_RESULT", "resource://gre/modules/Region.jsm", 419))

###!!! [Parent][RunMessage] Error: Channel closing: too late to send/recv, messages will be lost

1639239152497	geckodriver	INFO	Listening on 127.0.0.1:58391
1639239155549	mozrunner::runner	INFO	Running command: "C:\\Program Files\\Mozilla Firefox\\firefox.exe" "--marionette" "-no-remote" "-profile" "C:\\Users\\pawel\\AppData\\Local\\Temp\\rust_mozprofileGvhg1z"
1639239155803	Marionette	INFO	Marionette enabled
console.warn: SearchSettings: "get: No settings file exists, new profile?" (new NotFoundError("Could not open the file at C:\\Users\\pawel\\AppData\\Local\\Temp\\rust_mozprofileGvhg1z\\search.json.mozlz4", (void 0)))
1639239157682	Marionette	INFO	Listening on port 58401
1639239157726	RemoteAgent	WARN	TLS certificate errors will be ignored for this session
JavaScript error: resource://gre/actors/AutoCompleteChild.jsm, line 125: Error: Invalid autocomplete selectedIndex
1639239163893	Marionette	INFO	Stopped listening on port 58401
JavaScript error: resource:///modules/Interactions.jsm, line 201: NS_ERROR_FAILURE: Component returned failure code: 0x80004005 (NS_ERROR_FAILURE) [nsIUserIdleService.removeIdleObserver]
1639239164357	geckodriver	INFO	Listening on 127.0.0.1:58444
1639239167411	mozrunner::runner	INFO	Running command: "C:\\Program Files\\Mozilla Firefox\\firefox.exe" "--marionette" "-no-remote" "-profile" "C:\\Users\\pawel\\AppData\\Local\\Temp\\rust_mozprofile48VyrJ"
1639239167662	Marionette	INFO	Marionette enabled
console.warn: SearchSettings: "get: No settings file exists, new profile?" (new NotFoundError("Could not open the file at C:\\Users\\pawel\\AppData\\Local\\Temp\\rust_mozprofile48VyrJ\\search.json.mozlz4", (void 0)))
1639239169515	Marionette	INFO	Listening on port 58452
1639239169569	RemoteAgent	WARN	TLS certificate errors will be ignored for this session
JavaScript error: resource://gre/actors/AutoCompleteChild.jsm, line 125: Error: Invalid autocomplete selectedIndex
1639239172689	Marionette	INFO	Stopped listening on port 58452
JavaScript error: resource:///modules/Interactions.jsm, line 201: NS_ERROR_FAILURE: Component returned failure code: 0x80004005 (NS_ERROR_FAILURE) [nsIUserIdleService.removeIdleObserver]
1639239173151	geckodriver	INFO	Listening on 127.0.0.1:58495
1639239176201	mozrunner::runner	INFO	Running command: "C:\\Program Files\\Mozilla Firefox\\firefox.exe" "--marionette" "-no-remote" "-profile" "C:\\Users\\pawel\\AppData\\Local\\Temp\\rust_mozprofileM9XITX"
1639239176446	Marionette	INFO	Marionette enabled
console.warn: SearchSettings: "get: No settings file exists, new profile?" (new NotFoundError("Could not open the file at C:\\Users\\pawel\\AppData\\Local\\Temp\\rust_mozprofileM9XITX\\search.json.mozlz4", (void 0)))
1639239178209	Marionette	INFO	Listening on port 58504
1639239178229	RemoteAgent	WARN	TLS certificate errors will be ignored for this session
1639239178314	Marionette	INFO	Stopped listening on port 58504
JavaScript error: resource:///modules/Interactions.jsm, line 201: NS_ERROR_FAILURE: Component returned failure code: 0x80004005 (NS_ERROR_FAILURE) [nsIUserIdleService.removeIdleObserver]
console.warn: services.settings: main/partitioning-exempt-urls sync interrupted by shutdown
console.error: Region.jsm: "Error fetching region" (new TypeError("NetworkError when attempting to fetch resource.", ""))
console.error: Region.jsm: "Failed to fetch region" (new Error("NO_RESULT", "resource://gre/modules/Region.jsm", 419))

###!!! [Parent][RunMessage] Error: Channel closing: too late to send/recv, messages will be lost

1639239319764	geckodriver	INFO	Listening on 127.0.0.1:58596
1639239322823	mozrunner::runner	INFO	Running command: "C:\\Program Files\\Mozilla Firefox\\firefox.exe" "--marionette" "-no-remote" "-profile" "C:\\Users\\pawel\\AppData\\Local\\Temp\\rust_mozprofileDOWIKh"
1639239323055	Marionette	INFO	Marionette enabled
console.warn: SearchSettings: "get: No settings file exists, new profile?" (new NotFoundError("Could not open the file at C:\\Users\\pawel\\AppData\\Local\\Temp\\rust_mozprofileDOWIKh\\search.json.mozlz4", (void 0)))
1639239324933	Marionette	INFO	Listening on port 58604
1639239324973	RemoteAgent	WARN	TLS certificate errors will be ignored for this session
JavaScript error: resource://gre/actors/AutoCompleteChild.jsm, line 125: Error: Invalid autocomplete selectedIndex
1639239331189	Marionette	INFO	Stopped listening on port 58604
JavaScript error: resource:///modules/Interactions.jsm, line 201: NS_ERROR_FAILURE: Component returned failure code: 0x80004005 (NS_ERROR_FAILURE) [nsIUserIdleService.removeIdleObserver]

###!!! [Parent][RunMessage] Error: Channel closing: too late to send/recv, messages will be lost

1639239331650	geckodriver	INFO	Listening on 127.0.0.1:58647
1639239334699	mozrunner::runner	INFO	Running command: "C:\\Program Files\\Mozilla Firefox\\firefox.exe" "--marionette" "-no-remote" "-profile" "C:\\Users\\pawel\\AppData\\Local\\Temp\\rust_mozprofileDiHEtP"
1639239334947	Marionette	INFO	Marionette enabled
console.warn: SearchSettings: "get: No settings file exists, new profile?" (new NotFoundError("Could not open the file at C:\\Users\\pawel\\AppData\\Local\\Temp\\rust_mozprofileDiHEtP\\search.json.mozlz4", (void 0)))
1639239336842	Marionette	INFO	Listening on port 58656
1639239336879	RemoteAgent	WARN	TLS certificate errors will be ignored for this session
JavaScript error: resource://gre/actors/AutoCompleteChild.jsm, line 125: Error: Invalid autocomplete selectedIndex
1639239340022	Marionette	INFO	Stopped listening on port 58656
JavaScript error: resource:///modules/Interactions.jsm, line 201: NS_ERROR_FAILURE: Component returned failure code: 0x80004005 (NS_ERROR_FAILURE) [nsIUserIdleService.removeIdleObserver]
1639239340518	geckodriver	INFO	Listening on 127.0.0.1:58699
1639239343573	mozrunner::runner	INFO	Running command: "C:\\Program Files\\Mozilla Firefox\\firefox.exe" "--marionette" "-no-remote" "-profile" "C:\\Users\\pawel\\AppData\\Local\\Temp\\rust_mozprofileKBVUfg"
1639239343823	Marionette	INFO	Marionette enabled
console.warn: SearchSettings: "get: No settings file exists, new profile?" (new NotFoundError("Could not open the file at C:\\Users\\pawel\\AppData\\Local\\Temp\\rust_mozprofileKBVUfg\\search.json.mozlz4", (void 0)))
1639239345670	Marionette	INFO	Listening on port 58708
1639239345720	RemoteAgent	WARN	TLS certificate errors will be ignored for this session
1639239345800	Marionette	INFO	Stopped listening on port 58708
JavaScript error: resource:///modules/Interactions.jsm, line 201: NS_ERROR_FAILURE: Component returned failure code: 0x80004005 (NS_ERROR_FAILURE) [nsIUserIdleService.removeIdleObserver]
console.warn: services.settings: main/partitioning-exempt-urls sync interrupted by shutdown
console.error: Region.jsm: "Error fetching region" (new TypeError("NetworkError when attempting to fetch resource.", ""))
console.error: Region.jsm: "Failed to fetch region" (new Error("NO_RESULT", "resource://gre/modules/Region.jsm", 419))

###!!! [Parent][RunMessage] Error: Channel closing: too late to send/recv, messages will be lost

1639239370806	geckodriver	INFO	Listening on 127.0.0.1:58763
1639239373851	mozrunner::runner	INFO	Running command: "C:\\Program Files\\Mozilla Firefox\\firefox.exe" "--marionette" "-no-remote" "-profile" "C:\\Users\\pawel\\AppData\\Local\\Temp\\rust_mozprofileb0Gqte"
1639239374084	Marionette	INFO	Marionette enabled
console.warn: SearchSettings: "get: No settings file exists, new profile?" (new NotFoundError("Could not open the file at C:\\Users\\pawel\\AppData\\Local\\Temp\\rust_mozprofileb0Gqte\\search.json.mozlz4", (void 0)))
1639239376004	Marionette	INFO	Listening on port 58772
1639239376018	RemoteAgent	WARN	TLS certificate errors will be ignored for this session
JavaScript error: resource://gre/actors/AutoCompleteChild.jsm, line 125: Error: Invalid autocomplete selectedIndex
1639239382190	Marionette	INFO	Stopped listening on port 58772
JavaScript error: resource:///modules/Interactions.jsm, line 201: NS_ERROR_FAILURE: Component returned failure code: 0x80004005 (NS_ERROR_FAILURE) [nsIUserIdleService.removeIdleObserver]

###!!! [Parent][RunMessage] Error: Channel closing: too late to send/recv, messages will be lost

1639239382667	geckodriver	INFO	Listening on 127.0.0.1:58814
1639239385704	mozrunner::runner	INFO	Running command: "C:\\Program Files\\Mozilla Firefox\\firefox.exe" "--marionette" "-no-remote" "-profile" "C:\\Users\\pawel\\AppData\\Local\\Temp\\rust_mozprofilefkTLQA"
1639239385965	Marionette	INFO	Marionette enabled
console.warn: SearchSettings: "get: No settings file exists, new profile?" (new NotFoundError("Could not open the file at C:\\Users\\pawel\\AppData\\Local\\Temp\\rust_mozprofilefkTLQA\\search.json.mozlz4", (void 0)))
1639239387881	Marionette	INFO	Listening on port 58823
1639239388377	RemoteAgent	WARN	TLS certificate errors will be ignored for this session
JavaScript error: resource://gre/actors/AutoCompleteChild.jsm, line 125: Error: Invalid autocomplete selectedIndex
1639239391498	Marionette	INFO	Stopped listening on port 58823
JavaScript error: resource:///modules/Interactions.jsm, line 201: NS_ERROR_FAILURE: Component returned failure code: 0x80004005 (NS_ERROR_FAILURE) [nsIUserIdleService.removeIdleObserver]

###!!! [Parent][RunMessage] Error: Channel closing: too late to send/recv, messages will be lost

1639239391979	geckodriver	INFO	Listening on 127.0.0.1:58866
1639239395032	mozrunner::runner	INFO	Running command: "C:\\Program Files\\Mozilla Firefox\\firefox.exe" "--marionette" "-no-remote" "-profile" "C:\\Users\\pawel\\AppData\\Local\\Temp\\rust_mozprofilerg2rcI"
1639239395291	Marionette	INFO	Marionette enabled
console.warn: SearchSettings: "get: No settings file exists, new profile?" (new NotFoundError("Could not open the file at C:\\Users\\pawel\\AppData\\Local\\Temp\\rust_mozprofilerg2rcI\\search.json.mozlz4", (void 0)))
1639239397060	Marionette	INFO	Listening on port 58875
1639239397076	RemoteAgent	WARN	TLS certificate errors will be ignored for this session
1639239397160	Marionette	INFO	Stopped listening on port 58875
JavaScript error: resource:///modules/Interactions.jsm, line 201: NS_ERROR_FAILURE: Component returned failure code: 0x80004005 (NS_ERROR_FAILURE) [nsIUserIdleService.removeIdleObserver]
console.warn: services.settings: main/partitioning-exempt-urls sync interrupted by shutdown
console.error: Region.jsm: "Error fetching region" (new TypeError("NetworkError when attempting to fetch resource.", ""))
console.error: Region.jsm: "Failed to fetch region" (new Error("NO_RESULT", "resource://gre/modules/Region.jsm", 419))
console.error: services.settings: 
  main/query-stripping Signature failed  TypeError: NetworkError when attempting to fetch resource.

###!!! [Parent][RunMessage] Error: Channel closing: too late to send/recv, messages will be lost

1639239556703	geckodriver	INFO	Listening on 127.0.0.1:59030
1639239559764	mozrunner::runner	INFO	Running command: "C:\\Program Files\\Mozilla Firefox\\firefox.exe" "--marionette" "-no-remote" "-profile" "C:\\Users\\pawel\\AppData\\Local\\Temp\\rust_mozprofiledLRw0a"
1639239559996	Marionette	INFO	Marionette enabled
console.warn: SearchSettings: "get: No settings file exists, new profile?" (new NotFoundError("Could not open the file at C:\\Users\\pawel\\AppData\\Local\\Temp\\rust_mozprofiledLRw0a\\search.json.mozlz4", (void 0)))
1639239561897	Marionette	INFO	Listening on port 59039
1639239561911	RemoteAgent	WARN	TLS certificate errors will be ignored for this session
JavaScript error: resource://gre/actors/AutoCompleteChild.jsm, line 125: Error: Invalid autocomplete selectedIndex
1639239568084	Marionette	INFO	Stopped listening on port 59039
JavaScript error: resource:///modules/Interactions.jsm, line 201: NS_ERROR_FAILURE: Component returned failure code: 0x80004005 (NS_ERROR_FAILURE) [nsIUserIdleService.removeIdleObserver]

###!!! [Parent][RunMessage] Error: Channel closing: too late to send/recv, messages will be lost

1639239568563	geckodriver	INFO	Listening on 127.0.0.1:59081
1639239571640	mozrunner::runner	INFO	Running command: "C:\\Program Files\\Mozilla Firefox\\firefox.exe" "--marionette" "-no-remote" "-profile" "C:\\Users\\pawel\\AppData\\Local\\Temp\\rust_mozprofileDvRdlZ"
1639239571873	Marionette	INFO	Marionette enabled
console.warn: SearchSettings: "get: No settings file exists, new profile?" (new NotFoundError("Could not open the file at C:\\Users\\pawel\\AppData\\Local\\Temp\\rust_mozprofileDvRdlZ\\search.json.mozlz4", (void 0)))
1639239573736	Marionette	INFO	Listening on port 59090
1639239573814	RemoteAgent	WARN	TLS certificate errors will be ignored for this session
JavaScript error: resource://gre/actors/AutoCompleteChild.jsm, line 125: Error: Invalid autocomplete selectedIndex
1639239576952	Marionette	INFO	Stopped listening on port 59090
JavaScript error: resource:///modules/Interactions.jsm, line 201: NS_ERROR_FAILURE: Component returned failure code: 0x80004005 (NS_ERROR_FAILURE) [nsIUserIdleService.removeIdleObserver]

###!!! [Parent][RunMessage] Error: Channel closing: too late to send/recv, messages will be lost

1639239577429	geckodriver	INFO	Listening on 127.0.0.1:59133
1639239580492	mozrunner::runner	INFO	Running command: "C:\\Program Files\\Mozilla Firefox\\firefox.exe" "--marionette" "-no-remote" "-profile" "C:\\Users\\pawel\\AppData\\Local\\Temp\\rust_mozprofileIxJkPL"
1639239580736	Marionette	INFO	Marionette enabled
console.warn: SearchSettings: "get: No settings file exists, new profile?" (new NotFoundError("Could not open the file at C:\\Users\\pawel\\AppData\\Local\\Temp\\rust_mozprofileIxJkPL\\search.json.mozlz4", (void 0)))
1639239582637	Marionette	INFO	Listening on port 59142
1639239582668	RemoteAgent	WARN	TLS certificate errors will be ignored for this session
1639239582775	Marionette	INFO	Stopped listening on port 59142
JavaScript error: resource:///modules/Interactions.jsm, line 201: NS_ERROR_FAILURE: Component returned failure code: 0x80004005 (NS_ERROR_FAILURE) [nsIUserIdleService.removeIdleObserver]
console.warn: services.settings: main/partitioning-exempt-urls sync interrupted by shutdown
console.error: Region.jsm: "Error fetching region" (new TypeError("NetworkError when attempting to fetch resource.", ""))
console.error: Region.jsm: "Failed to fetch region" (new Error("NO_RESULT", "resource://gre/modules/Region.jsm", 419))

###!!! [Parent][RunMessage] Error: Channel closing: too late to send/recv, messages will be lost

1639239616955	geckodriver	INFO	Listening on 127.0.0.1:59213
1639239620025	mozrunner::runner	INFO	Running command: "C:\\Program Files\\Mozilla Firefox\\firefox.exe" "--marionette" "-no-remote" "-profile" "C:\\Users\\pawel\\AppData\\Local\\Temp\\rust_mozprofileD7mwGU"
1639239620275	Marionette	INFO	Marionette enabled
console.warn: SearchSettings: "get: No settings file exists, new profile?" (new NotFoundError("Could not open the file at C:\\Users\\pawel\\AppData\\Local\\Temp\\rust_mozprofileD7mwGU\\search.json.mozlz4", (void 0)))
1639239622182	Marionette	INFO	Listening on port 59222
1639239622679	RemoteAgent	WARN	TLS certificate errors will be ignored for this session
JavaScript error: resource://gre/actors/AutoCompleteChild.jsm, line 125: Error: Invalid autocomplete selectedIndex
1639239628844	Marionette	INFO	Stopped listening on port 59222
JavaScript error: resource:///modules/Interactions.jsm, line 201: NS_ERROR_FAILURE: Component returned failure code: 0x80004005 (NS_ERROR_FAILURE) [nsIUserIdleService.removeIdleObserver]

###!!! [Parent][RunMessage] Error: Channel closing: too late to send/recv, messages will be lost

1639239629315	geckodriver	INFO	Listening on 127.0.0.1:59266
1639239632378	mozrunner::runner	INFO	Running command: "C:\\Program Files\\Mozilla Firefox\\firefox.exe" "--marionette" "-no-remote" "-profile" "C:\\Users\\pawel\\AppData\\Local\\Temp\\rust_mozprofile0fnZxs"
1639239632627	Marionette	INFO	Marionette enabled
console.warn: SearchSettings: "get: No settings file exists, new profile?" (new NotFoundError("Could not open the file at C:\\Users\\pawel\\AppData\\Local\\Temp\\rust_mozprofile0fnZxs\\search.json.mozlz4", (void 0)))
1639239634522	Marionette	INFO	Listening on port 59275
1639239635029	RemoteAgent	WARN	TLS certificate errors will be ignored for this session
JavaScript error: resource://gre/actors/AutoCompleteChild.jsm, line 125: Error: Invalid autocomplete selectedIndex
1639239638155	Marionette	INFO	Stopped listening on port 59275
JavaScript error: resource:///modules/Interactions.jsm, line 201: NS_ERROR_FAILURE: Component returned failure code: 0x80004005 (NS_ERROR_FAILURE) [nsIUserIdleService.removeIdleObserver]

###!!! [Parent][RunMessage] Error: Channel closing: too late to send/recv, messages will be lost

1639239638657	geckodriver	INFO	Listening on 127.0.0.1:59322
1639239641710	mozrunner::runner	INFO	Running command: "C:\\Program Files\\Mozilla Firefox\\firefox.exe" "--marionette" "-no-remote" "-profile" "C:\\Users\\pawel\\AppData\\Local\\Temp\\rust_mozprofileuqxukm"
1639239641954	Marionette	INFO	Marionette enabled
console.warn: SearchSettings: "get: No settings file exists, new profile?" (new NotFoundError("Could not open the file at C:\\Users\\pawel\\AppData\\Local\\Temp\\rust_mozprofileuqxukm\\search.json.mozlz4", (void 0)))
1639239643879	Marionette	INFO	Listening on port 59331
1639239644361	RemoteAgent	WARN	TLS certificate errors will be ignored for this session
1639239644446	Marionette	INFO	Stopped listening on port 59331
JavaScript error: resource:///modules/Interactions.jsm, line 201: NS_ERROR_FAILURE: Component returned failure code: 0x80004005 (NS_ERROR_FAILURE) [nsIUserIdleService.removeIdleObserver]

###!!! [Parent][RunMessage] Error: Channel closing: too late to send/recv, messages will be lost

1639239661307	geckodriver	INFO	Listening on 127.0.0.1:59391
1639239664368	mozrunner::runner	INFO	Running command: "C:\\Program Files\\Mozilla Firefox\\firefox.exe" "--marionette" "-no-remote" "-profile" "C:\\Users\\pawel\\AppData\\Local\\Temp\\rust_mozprofileOrA8m6"
1639239664613	Marionette	INFO	Marionette enabled
console.warn: SearchSettings: "get: No settings file exists, new profile?" (new NotFoundError("Could not open the file at C:\\Users\\pawel\\AppData\\Local\\Temp\\rust_mozprofileOrA8m6\\search.json.mozlz4", (void 0)))
1639239666443	Marionette	INFO	Listening on port 59399
1639239666548	RemoteAgent	WARN	TLS certificate errors will be ignored for this session
JavaScript error: resource://gre/actors/AutoCompleteChild.jsm, line 125: Error: Invalid autocomplete selectedIndex
1639239672719	Marionette	INFO	Stopped listening on port 59399
JavaScript error: resource:///modules/Interactions.jsm, line 201: NS_ERROR_FAILURE: Component returned failure code: 0x80004005 (NS_ERROR_FAILURE) [nsIUserIdleService.removeIdleObserver]

###!!! [Parent][RunMessage] Error: Channel closing: too late to send/recv, messages will be lost

1639239673183	geckodriver	INFO	Listening on 127.0.0.1:59444
1639239676257	mozrunner::runner	INFO	Running command: "C:\\Program Files\\Mozilla Firefox\\firefox.exe" "--marionette" "-no-remote" "-profile" "C:\\Users\\pawel\\AppData\\Local\\Temp\\rust_mozprofilerwP1yt"
1639239676488	Marionette	INFO	Marionette enabled
console.warn: SearchSettings: "get: No settings file exists, new profile?" (new NotFoundError("Could not open the file at C:\\Users\\pawel\\AppData\\Local\\Temp\\rust_mozprofilerwP1yt\\search.json.mozlz4", (void 0)))
1639239678021	Marionette	INFO	Listening on port 59453
1639239678307	RemoteAgent	WARN	TLS certificate errors will be ignored for this session
JavaScript error: resource://gre/actors/AutoCompleteChild.jsm, line 125: Error: Invalid autocomplete selectedIndex
1639239681440	Marionette	INFO	Stopped listening on port 59453
JavaScript error: resource:///modules/Interactions.jsm, line 201: NS_ERROR_FAILURE: Component returned failure code: 0x80004005 (NS_ERROR_FAILURE) [nsIUserIdleService.removeIdleObserver]

###!!! [Parent][RunMessage] Error: Channel closing: too late to send/recv, messages will be lost

1639239681939	geckodriver	INFO	Listening on 127.0.0.1:59495
1639239685022	mozrunner::runner	INFO	Running command: "C:\\Program Files\\Mozilla Firefox\\firefox.exe" "--marionette" "-no-remote" "-profile" "C:\\Users\\pawel\\AppData\\Local\\Temp\\rust_mozprofileihhPKw"
1639239685255	Marionette	INFO	Marionette enabled
console.warn: SearchSettings: "get: No settings file exists, new profile?" (new NotFoundError("Could not open the file at C:\\Users\\pawel\\AppData\\Local\\Temp\\rust_mozprofileihhPKw\\search.json.mozlz4", (void 0)))
1639239687158	Marionette	INFO	Listening on port 59506
1639239687188	RemoteAgent	WARN	TLS certificate errors will be ignored for this session
JavaScript error: resource://gre/actors/AutoCompleteChild.jsm, line 125: Error: Invalid autocomplete selectedIndex
JavaScript error: resource://gre/actors/AutoCompleteChild.jsm, line 125: Error: Invalid autocomplete selectedIndex
1639239689321	Marionette	INFO	Stopped listening on port 59506
JavaScript error: resource:///modules/Interactions.jsm, line 201: NS_ERROR_FAILURE: Component returned failure code: 0x80004005 (NS_ERROR_FAILURE) [nsIUserIdleService.removeIdleObserver]

###!!! [Parent][RunMessage] Error: Channel closing: too late to send/recv, messages will be lost

1639239994969	geckodriver	INFO	Listening on 127.0.0.1:59773
1639239998030	mozrunner::runner	INFO	Running command: "C:\\Program Files\\Mozilla Firefox\\firefox.exe" "--marionette" "-no-remote" "-profile" "C:\\Users\\pawel\\AppData\\Local\\Temp\\rust_mozprofileHwUqBT"
1639239998291	Marionette	INFO	Marionette enabled
console.warn: SearchSettings: "get: No settings file exists, new profile?" (new NotFoundError("Could not open the file at C:\\Users\\pawel\\AppData\\Local\\Temp\\rust_mozprofileHwUqBT\\search.json.mozlz4", (void 0)))
1639240000160	Marionette	INFO	Listening on port 59782
1639240000190	RemoteAgent	WARN	TLS certificate errors will be ignored for this session
JavaScript error: resource://gre/actors/AutoCompleteChild.jsm, line 125: Error: Invalid autocomplete selectedIndex
1639240006409	Marionette	INFO	Stopped listening on port 59782
JavaScript error: resource:///modules/Interactions.jsm, line 201: NS_ERROR_FAILURE: Component returned failure code: 0x80004005 (NS_ERROR_FAILURE) [nsIUserIdleService.removeIdleObserver]

###!!! [Parent][RunMessage] Error: Channel closing: too late to send/recv, messages will be lost

1639240006865	geckodriver	INFO	Listening on 127.0.0.1:59827
1639240009931	mozrunner::runner	INFO	Running command: "C:\\Program Files\\Mozilla Firefox\\firefox.exe" "--marionette" "-no-remote" "-profile" "C:\\Users\\pawel\\AppData\\Local\\Temp\\rust_mozprofilev2mPnP"
1639240010182	Marionette	INFO	Marionette enabled
console.warn: SearchSettings: "get: No settings file exists, new profile?" (new NotFoundError("Could not open the file at C:\\Users\\pawel\\AppData\\Local\\Temp\\rust_mozprofilev2mPnP\\search.json.mozlz4", (void 0)))
1639240011997	Marionette	INFO	Listening on port 59835
1639240012080	RemoteAgent	WARN	TLS certificate errors will be ignored for this session
JavaScript error: resource://gre/actors/AutoCompleteChild.jsm, line 125: Error: Invalid autocomplete selectedIndex
1639240015204	Marionette	INFO	Stopped listening on port 59835
JavaScript error: resource:///modules/Interactions.jsm, line 201: NS_ERROR_FAILURE: Component returned failure code: 0x80004005 (NS_ERROR_FAILURE) [nsIUserIdleService.removeIdleObserver]

###!!! [Parent][RunMessage] Error: Channel closing: too late to send/recv, messages will be lost

1639240015671	geckodriver	INFO	Listening on 127.0.0.1:59879
1639240018721	mozrunner::runner	INFO	Running command: "C:\\Program Files\\Mozilla Firefox\\firefox.exe" "--marionette" "-no-remote" "-profile" "C:\\Users\\pawel\\AppData\\Local\\Temp\\rust_mozprofilejbf6qQ"
1639240018950	Marionette	INFO	Marionette enabled
console.warn: SearchSettings: "get: No settings file exists, new profile?" (new NotFoundError("Could not open the file at C:\\Users\\pawel\\AppData\\Local\\Temp\\rust_mozprofilejbf6qQ\\search.json.mozlz4", (void 0)))
1639240020838	Marionette	INFO	Listening on port 59888
1639240020891	RemoteAgent	WARN	TLS certificate errors will be ignored for this session
JavaScript error: resource://gre/actors/AutoCompleteChild.jsm, line 125: Error: Invalid autocomplete selectedIndex
JavaScript error: resource://gre/actors/AutoCompleteChild.jsm, line 125: Error: Invalid autocomplete selectedIndex
1639240023022	Marionette	INFO	Stopped listening on port 59888
JavaScript error: resource:///modules/Interactions.jsm, line 201: NS_ERROR_FAILURE: Component returned failure code: 0x80004005 (NS_ERROR_FAILURE) [nsIUserIdleService.removeIdleObserver]

###!!! [Parent][RunMessage] Error: Channel closing: too late to send/recv, messages will be lost

1639240355275	geckodriver	INFO	Listening on 127.0.0.1:60099
1639240358335	mozrunner::runner	INFO	Running command: "C:\\Program Files\\Mozilla Firefox\\firefox.exe" "--marionette" "-no-remote" "-profile" "C:\\Users\\pawel\\AppData\\Local\\Temp\\rust_mozprofilepSi8oF"
1639240358584	Marionette	INFO	Marionette enabled
console.warn: SearchSettings: "get: No settings file exists, new profile?" (new NotFoundError("Could not open the file at C:\\Users\\pawel\\AppData\\Local\\Temp\\rust_mozprofilepSi8oF\\search.json.mozlz4", (void 0)))
1639240360530	Marionette	INFO	Listening on port 60107
1639240361018	RemoteAgent	WARN	TLS certificate errors will be ignored for this session
JavaScript error: resource://gre/actors/AutoCompleteChild.jsm, line 125: Error: Invalid autocomplete selectedIndex
1639240367189	Marionette	INFO	Stopped listening on port 60107
JavaScript error: resource:///modules/Interactions.jsm, line 201: NS_ERROR_FAILURE: Component returned failure code: 0x80004005 (NS_ERROR_FAILURE) [nsIUserIdleService.removeIdleObserver]

###!!! [Parent][RunMessage] Error: Channel closing: too late to send/recv, messages will be lost

1639240367648	geckodriver	INFO	Listening on 127.0.0.1:60152
1639240370720	mozrunner::runner	INFO	Running command: "C:\\Program Files\\Mozilla Firefox\\firefox.exe" "--marionette" "-no-remote" "-profile" "C:\\Users\\pawel\\AppData\\Local\\Temp\\rust_mozprofileduidQ6"
1639240370956	Marionette	INFO	Marionette enabled
console.warn: SearchSettings: "get: No settings file exists, new profile?" (new NotFoundError("Could not open the file at C:\\Users\\pawel\\AppData\\Local\\Temp\\rust_mozprofileduidQ6\\search.json.mozlz4", (void 0)))
1639240372843	Marionette	INFO	Listening on port 60161
1639240372861	RemoteAgent	WARN	TLS certificate errors will be ignored for this session
JavaScript error: resource://gre/actors/AutoCompleteChild.jsm, line 125: Error: Invalid autocomplete selectedIndex
1639240375988	Marionette	INFO	Stopped listening on port 60161
JavaScript error: resource:///modules/Interactions.jsm, line 201: NS_ERROR_FAILURE: Component returned failure code: 0x80004005 (NS_ERROR_FAILURE) [nsIUserIdleService.removeIdleObserver]

###!!! [Parent][RunMessage] Error: Channel closing: too late to send/recv, messages will be lost

1639240376464	geckodriver	INFO	Listening on 127.0.0.1:60206
1639240379528	mozrunner::runner	INFO	Running command: "C:\\Program Files\\Mozilla Firefox\\firefox.exe" "--marionette" "-no-remote" "-profile" "C:\\Users\\pawel\\AppData\\Local\\Temp\\rust_mozprofileyjZWc7"
1639240379773	Marionette	INFO	Marionette enabled
console.warn: SearchSettings: "get: No settings file exists, new profile?" (new NotFoundError("Could not open the file at C:\\Users\\pawel\\AppData\\Local\\Temp\\rust_mozprofileyjZWc7\\search.json.mozlz4", (void 0)))
1639240381602	Marionette	INFO	Listening on port 60215
1639240381693	RemoteAgent	WARN	TLS certificate errors will be ignored for this session
1639240381777	Marionette	INFO	Stopped listening on port 60215
JavaScript error: resource:///modules/Interactions.jsm, line 201: NS_ERROR_FAILURE: Component returned failure code: 0x80004005 (NS_ERROR_FAILURE) [nsIUserIdleService.removeIdleObserver]
console.warn: services.settings: main/partitioning-exempt-urls sync interrupted by shutdown
console.error: Region.jsm: "Error fetching region" (new TypeError("NetworkError when attempting to fetch resource.", ""))
console.error: Region.jsm: "Failed to fetch region" (new Error("NO_RESULT", "resource://gre/modules/Region.jsm", 419))

###!!! [Parent][RunMessage] Error: Channel closing: too late to send/recv, messages will be lost

1639241068624	geckodriver	INFO	Listening on 127.0.0.1:60485
1639241071705	mozrunner::runner	INFO	Running command: "C:\\Program Files\\Mozilla Firefox\\firefox.exe" "--marionette" "-no-remote" "-profile" "C:\\Users\\pawel\\AppData\\Local\\Temp\\rust_mozprofileAA0nGi"
1639241071950	Marionette	INFO	Marionette enabled
console.warn: SearchSettings: "get: No settings file exists, new profile?" (new NotFoundError("Could not open the file at C:\\Users\\pawel\\AppData\\Local\\Temp\\rust_mozprofileAA0nGi\\search.json.mozlz4", (void 0)))
1639241073868	Marionette	INFO	Listening on port 60493
1639241074377	RemoteAgent	WARN	TLS certificate errors will be ignored for this session
JavaScript error: resource://gre/actors/AutoCompleteChild.jsm, line 125: Error: Invalid autocomplete selectedIndex
1639241077494	Marionette	INFO	Stopped listening on port 60493
JavaScript error: resource:///modules/Interactions.jsm, line 201: NS_ERROR_FAILURE: Component returned failure code: 0x80004005 (NS_ERROR_FAILURE) [nsIUserIdleService.removeIdleObserver]
1639241077970	geckodriver	INFO	Listening on 127.0.0.1:60537
1639241081016	mozrunner::runner	INFO	Running command: "C:\\Program Files\\Mozilla Firefox\\firefox.exe" "--marionette" "-no-remote" "-profile" "C:\\Users\\pawel\\AppData\\Local\\Temp\\rust_mozprofileKWdiyG"
1639241081258	Marionette	INFO	Marionette enabled
console.warn: SearchSettings: "get: No settings file exists, new profile?" (new NotFoundError("Could not open the file at C:\\Users\\pawel\\AppData\\Local\\Temp\\rust_mozprofileKWdiyG\\search.json.mozlz4", (void 0)))
1639241083130	Marionette	INFO	Listening on port 60545
1639241083168	RemoteAgent	WARN	TLS certificate errors will be ignored for this session
1639241083270	Marionette	INFO	Stopped listening on port 60545
JavaScript error: resource:///modules/Interactions.jsm, line 201: NS_ERROR_FAILURE: Component returned failure code: 0x80004005 (NS_ERROR_FAILURE) [nsIUserIdleService.removeIdleObserver]
console.warn: services.settings: main/partitioning-exempt-urls sync interrupted by shutdown
console.error: Region.jsm: "Error fetching region" (new TypeError("NetworkError when attempting to fetch resource.", ""))
console.error: Region.jsm: "Failed to fetch region" (new Error("NO_RESULT", "resource://gre/modules/Region.jsm", 419))
[Parent 10048, IPC I/O Parent] WARNING: pipe error: 232: file /builds/worker/checkouts/gecko/ipc/chromium/src/chrome/common/ipc_channel_win.cc:544

###!!! [Parent][RunMessage] Error: Channel closing: too late to send/recv, messages will be lost

1639241089472	geckodriver	INFO	Listening on 127.0.0.1:60579
1639241092522	mozrunner::runner	INFO	Running command: "C:\\Program Files\\Mozilla Firefox\\firefox.exe" "--marionette" "-no-remote" "-profile" "C:\\Users\\pawel\\AppData\\Local\\Temp\\rust_mozprofilel0zwhl"
1639241092775	Marionette	INFO	Marionette enabled
console.warn: SearchSettings: "get: No settings file exists, new profile?" (new NotFoundError("Could not open the file at C:\\Users\\pawel\\AppData\\Local\\Temp\\rust_mozprofilel0zwhl\\search.json.mozlz4", (void 0)))
1639241094652	Marionette	INFO	Listening on port 60589
1639241094674	RemoteAgent	WARN	TLS certificate errors will be ignored for this session
JavaScript error: resource://gre/actors/AutoCompleteChild.jsm, line 125: Error: Invalid autocomplete selectedIndex
1639241100886	Marionette	INFO	Stopped listening on port 60589
JavaScript error: resource:///modules/Interactions.jsm, line 201: NS_ERROR_FAILURE: Component returned failure code: 0x80004005 (NS_ERROR_FAILURE) [nsIUserIdleService.removeIdleObserver]
1639241101342	geckodriver	INFO	Listening on 127.0.0.1:60633
1639241104405	mozrunner::runner	INFO	Running command: "C:\\Program Files\\Mozilla Firefox\\firefox.exe" "--marionette" "-no-remote" "-profile" "C:\\Users\\pawel\\AppData\\Local\\Temp\\rust_mozprofile0XGFfT"
1639241104637	Marionette	INFO	Marionette enabled
console.warn: SearchSettings: "get: No settings file exists, new profile?" (new NotFoundError("Could not open the file at C:\\Users\\pawel\\AppData\\Local\\Temp\\rust_mozprofile0XGFfT\\search.json.mozlz4", (void 0)))
1639241106527	Marionette	INFO	Listening on port 60642
1639241106580	RemoteAgent	WARN	TLS certificate errors will be ignored for this session
JavaScript error: resource://gre/actors/AutoCompleteChild.jsm, line 125: Error: Invalid autocomplete selectedIndex
1639241109709	Marionette	INFO	Stopped listening on port 60642
JavaScript error: resource:///modules/Interactions.jsm, line 201: NS_ERROR_FAILURE: Component returned failure code: 0x80004005 (NS_ERROR_FAILURE) [nsIUserIdleService.removeIdleObserver]

###!!! [Parent][RunMessage] Error: Channel closing: too late to send/recv, messages will be lost

1639241110176	geckodriver	INFO	Listening on 127.0.0.1:60685
1639241113243	mozrunner::runner	INFO	Running command: "C:\\Program Files\\Mozilla Firefox\\firefox.exe" "--marionette" "-no-remote" "-profile" "C:\\Users\\pawel\\AppData\\Local\\Temp\\rust_mozprofilenpQWZ3"
1639241113487	Marionette	INFO	Marionette enabled
console.warn: SearchSettings: "get: No settings file exists, new profile?" (new NotFoundError("Could not open the file at C:\\Users\\pawel\\AppData\\Local\\Temp\\rust_mozprofilenpQWZ3\\search.json.mozlz4", (void 0)))
1639241115365	Marionette	INFO	Listening on port 60694
1639241115397	RemoteAgent	WARN	TLS certificate errors will be ignored for this session
1639241115483	Marionette	INFO	Stopped listening on port 60694
JavaScript error: resource:///modules/Interactions.jsm, line 201: NS_ERROR_FAILURE: Component returned failure code: 0x80004005 (NS_ERROR_FAILURE) [nsIUserIdleService.removeIdleObserver]
console.warn: services.settings: main/partitioning-exempt-urls sync interrupted by shutdown
console.error: services.settings: 
  main/query-stripping Signature failed  TypeError: NetworkError when attempting to fetch resource.
console.error: Region.jsm: "Error fetching region" (new TypeError("NetworkError when attempting to fetch resource.", ""))
console.error: Region.jsm: "Failed to fetch region" (new Error("NO_RESULT", "resource://gre/modules/Region.jsm", 419))

###!!! [Parent][RunMessage] Error: Channel closing: too late to send/recv, messages will be lost

1639241187599	geckodriver	INFO	Listening on 127.0.0.1:60739
1639241190672	mozrunner::runner	INFO	Running command: "C:\\Program Files\\Mozilla Firefox\\firefox.exe" "--marionette" "-no-remote" "-profile" "C:\\Users\\pawel\\AppData\\Local\\Temp\\rust_mozprofile8xIPjH"
1639241190905	Marionette	INFO	Marionette enabled
console.warn: SearchSettings: "get: No settings file exists, new profile?" (new NotFoundError("Could not open the file at C:\\Users\\pawel\\AppData\\Local\\Temp\\rust_mozprofile8xIPjH\\search.json.mozlz4", (void 0)))
1639241192773	Marionette	INFO	Listening on port 60748
1639241192832	RemoteAgent	WARN	TLS certificate errors will be ignored for this session
JavaScript error: resource://gre/actors/AutoCompleteChild.jsm, line 125: Error: Invalid autocomplete selectedIndex
1639241199010	Marionette	INFO	Stopped listening on port 60748
JavaScript error: resource:///modules/Interactions.jsm, line 201: NS_ERROR_FAILURE: Component returned failure code: 0x80004005 (NS_ERROR_FAILURE) [nsIUserIdleService.removeIdleObserver]

###!!! [Parent][RunMessage] Error: Channel closing: too late to send/recv, messages will be lost

1639241199487	geckodriver	INFO	Listening on 127.0.0.1:60792
1639241202552	mozrunner::runner	INFO	Running command: "C:\\Program Files\\Mozilla Firefox\\firefox.exe" "--marionette" "-no-remote" "-profile" "C:\\Users\\pawel\\AppData\\Local\\Temp\\rust_mozprofiledjtEQV"
1639241202778	Marionette	INFO	Marionette enabled
console.warn: SearchSettings: "get: No settings file exists, new profile?" (new NotFoundError("Could not open the file at C:\\Users\\pawel\\AppData\\Local\\Temp\\rust_mozprofiledjtEQV\\search.json.mozlz4", (void 0)))
1639241204695	Marionette	INFO	Listening on port 60801
1639241204720	RemoteAgent	WARN	TLS certificate errors will be ignored for this session
JavaScript error: resource://gre/actors/AutoCompleteChild.jsm, line 125: Error: Invalid autocomplete selectedIndex
1639241207858	Marionette	INFO	Stopped listening on port 60801
JavaScript error: resource:///modules/Interactions.jsm, line 201: NS_ERROR_FAILURE: Component returned failure code: 0x80004005 (NS_ERROR_FAILURE) [nsIUserIdleService.removeIdleObserver]

###!!! [Parent][RunMessage] Error: Channel closing: too late to send/recv, messages will be lost

1639241208342	geckodriver	INFO	Listening on 127.0.0.1:60845
1639241211410	mozrunner::runner	INFO	Running command: "C:\\Program Files\\Mozilla Firefox\\firefox.exe" "--marionette" "-no-remote" "-profile" "C:\\Users\\pawel\\AppData\\Local\\Temp\\rust_mozprofileT4EYXG"
1639241211655	Marionette	INFO	Marionette enabled
console.warn: SearchSettings: "get: No settings file exists, new profile?" (new NotFoundError("Could not open the file at C:\\Users\\pawel\\AppData\\Local\\Temp\\rust_mozprofileT4EYXG\\search.json.mozlz4", (void 0)))
1639241213560	Marionette	INFO	Listening on port 60853
1639241214079	RemoteAgent	WARN	TLS certificate errors will be ignored for this session
1639241214159	Marionette	INFO	Stopped listening on port 60853
JavaScript error: resource:///modules/Interactions.jsm, line 201: NS_ERROR_FAILURE: Component returned failure code: 0x80004005 (NS_ERROR_FAILURE) [nsIUserIdleService.removeIdleObserver]
console.warn: services.settings: main/partitioning-exempt-urls sync interrupted by shutdown

###!!! [Parent][RunMessage] Error: Channel closing: too late to send/recv, messages will be lost

1639241456277	geckodriver	INFO	Listening on 127.0.0.1:61101
1639241459337	mozrunner::runner	INFO	Running command: "C:\\Program Files\\Mozilla Firefox\\firefox.exe" "--marionette" "-no-remote" "-profile" "C:\\Users\\pawel\\AppData\\Local\\Temp\\rust_mozprofiley4Sfvl"
1639241459599	Marionette	INFO	Marionette enabled
console.warn: SearchSettings: "get: No settings file exists, new profile?" (new NotFoundError("Could not open the file at C:\\Users\\pawel\\AppData\\Local\\Temp\\rust_mozprofiley4Sfvl\\search.json.mozlz4", (void 0)))
1639241461500	Marionette	INFO	Listening on port 61109
1639241461990	RemoteAgent	WARN	TLS certificate errors will be ignored for this session
JavaScript error: resource://gre/actors/AutoCompleteChild.jsm, line 125: Error: Invalid autocomplete selectedIndex
1639241468174	Marionette	INFO	Stopped listening on port 61109
JavaScript error: resource:///modules/Interactions.jsm, line 201: NS_ERROR_FAILURE: Component returned failure code: 0x80004005 (NS_ERROR_FAILURE) [nsIUserIdleService.removeIdleObserver]

###!!! [Parent][RunMessage] Error: Channel closing: too late to send/recv, messages will be lost

1639241468640	geckodriver	INFO	Listening on 127.0.0.1:61154
1639241471703	mozrunner::runner	INFO	Running command: "C:\\Program Files\\Mozilla Firefox\\firefox.exe" "--marionette" "-no-remote" "-profile" "C:\\Users\\pawel\\AppData\\Local\\Temp\\rust_mozprofile8vulak"
1639241471932	Marionette	INFO	Marionette enabled
console.warn: SearchSettings: "get: No settings file exists, new profile?" (new NotFoundError("Could not open the file at C:\\Users\\pawel\\AppData\\Local\\Temp\\rust_mozprofile8vulak\\search.json.mozlz4", (void 0)))
1639241473820	Marionette	INFO	Listening on port 61163
1639241473894	RemoteAgent	WARN	TLS certificate errors will be ignored for this session
JavaScript error: resource://gre/actors/AutoCompleteChild.jsm, line 125: Error: Invalid autocomplete selectedIndex
1639241477024	Marionette	INFO	Stopped listening on port 61163
JavaScript error: resource:///modules/Interactions.jsm, line 201: NS_ERROR_FAILURE: Component returned failure code: 0x80004005 (NS_ERROR_FAILURE) [nsIUserIdleService.removeIdleObserver]
1639241477496	geckodriver	INFO	Listening on 127.0.0.1:61206
1639241480534	mozrunner::runner	INFO	Running command: "C:\\Program Files\\Mozilla Firefox\\firefox.exe" "--marionette" "-no-remote" "-profile" "C:\\Users\\pawel\\AppData\\Local\\Temp\\rust_mozprofileC32E01"
1639241480779	Marionette	INFO	Marionette enabled
console.warn: SearchSettings: "get: No settings file exists, new profile?" (new NotFoundError("Could not open the file at C:\\Users\\pawel\\AppData\\Local\\Temp\\rust_mozprofileC32E01\\search.json.mozlz4", (void 0)))
1639241482698	Marionette	INFO	Listening on port 61214
1639241483209	RemoteAgent	WARN	TLS certificate errors will be ignored for this session
1639241483294	Marionette	INFO	Stopped listening on port 61214
JavaScript error: resource:///modules/Interactions.jsm, line 201: NS_ERROR_FAILURE: Component returned failure code: 0x80004005 (NS_ERROR_FAILURE) [nsIUserIdleService.removeIdleObserver]
console.warn: services.settings: main/partitioning-exempt-urls sync interrupted by shutdown

###!!! [Parent][RunMessage] Error: Channel closing: too late to send/recv, messages will be lost

1639241493177	geckodriver	INFO	Listening on 127.0.0.1:61253
1639241496236	mozrunner::runner	INFO	Running command: "C:\\Program Files\\Mozilla Firefox\\firefox.exe" "--marionette" "-no-remote" "-profile" "C:\\Users\\pawel\\AppData\\Local\\Temp\\rust_mozprofileGVUcF6"
1639241496479	Marionette	INFO	Marionette enabled
console.warn: SearchSettings: "get: No settings file exists, new profile?" (new NotFoundError("Could not open the file at C:\\Users\\pawel\\AppData\\Local\\Temp\\rust_mozprofileGVUcF6\\search.json.mozlz4", (void 0)))
1639241498353	Marionette	INFO	Listening on port 61261
1639241498381	RemoteAgent	WARN	TLS certificate errors will be ignored for this session
JavaScript error: resource://gre/actors/AutoCompleteChild.jsm, line 125: Error: Invalid autocomplete selectedIndex
1639241504586	Marionette	INFO	Stopped listening on port 61261
JavaScript error: resource:///modules/Interactions.jsm, line 201: NS_ERROR_FAILURE: Component returned failure code: 0x80004005 (NS_ERROR_FAILURE) [nsIUserIdleService.removeIdleObserver]

###!!! [Parent][RunMessage] Error: Channel closing: too late to send/recv, messages will be lost

1639241505057	geckodriver	INFO	Listening on 127.0.0.1:61309
1639241508116	mozrunner::runner	INFO	Running command: "C:\\Program Files\\Mozilla Firefox\\firefox.exe" "--marionette" "-no-remote" "-profile" "C:\\Users\\pawel\\AppData\\Local\\Temp\\rust_mozprofileG00NBt"
1639241508350	Marionette	INFO	Marionette enabled
console.warn: SearchSettings: "get: No settings file exists, new profile?" (new NotFoundError("Could not open the file at C:\\Users\\pawel\\AppData\\Local\\Temp\\rust_mozprofileG00NBt\\search.json.mozlz4", (void 0)))
1639241510197	Marionette	INFO	Listening on port 61318
1639241510264	RemoteAgent	WARN	TLS certificate errors will be ignored for this session
JavaScript error: resource://gre/actors/AutoCompleteChild.jsm, line 125: Error: Invalid autocomplete selectedIndex
1639241513391	Marionette	INFO	Stopped listening on port 61318
JavaScript error: resource:///modules/Interactions.jsm, line 201: NS_ERROR_FAILURE: Component returned failure code: 0x80004005 (NS_ERROR_FAILURE) [nsIUserIdleService.removeIdleObserver]

###!!! [Parent][RunMessage] Error: Channel closing: too late to send/recv, messages will be lost

1639241513894	geckodriver	INFO	Listening on 127.0.0.1:61362
1639241516957	mozrunner::runner	INFO	Running command: "C:\\Program Files\\Mozilla Firefox\\firefox.exe" "--marionette" "-no-remote" "-profile" "C:\\Users\\pawel\\AppData\\Local\\Temp\\rust_mozprofile1YUjZS"
1639241517192	Marionette	INFO	Marionette enabled
console.warn: SearchSettings: "get: No settings file exists, new profile?" (new NotFoundError("Could not open the file at C:\\Users\\pawel\\AppData\\Local\\Temp\\rust_mozprofile1YUjZS\\search.json.mozlz4", (void 0)))
1639241519020	Marionette	INFO	Listening on port 61370
1639241519122	RemoteAgent	WARN	TLS certificate errors will be ignored for this session
1639241519209	Marionette	INFO	Stopped listening on port 61370
JavaScript error: resource:///modules/Interactions.jsm, line 201: NS_ERROR_FAILURE: Component returned failure code: 0x80004005 (NS_ERROR_FAILURE) [nsIUserIdleService.removeIdleObserver]
console.warn: services.settings: main/partitioning-exempt-urls sync interrupted by shutdown
console.error: Region.jsm: "Error fetching region" (new TypeError("NetworkError when attempting to fetch resource.", ""))
console.error: Region.jsm: "Failed to fetch region" (new Error("NO_RESULT", "resource://gre/modules/Region.jsm", 419))

###!!! [Parent][RunMessage] Error: Channel closing: too late to send/recv, messages will be lost

1639256297416	geckodriver	INFO	Listening on 127.0.0.1:62961
1639256300481	mozrunner::runner	INFO	Running command: "C:\\Program Files\\Mozilla Firefox\\firefox.exe" "--marionette" "-no-remote" "-profile" "C:\\Users\\pawel\\AppData\\Local\\Temp\\rust_mozprofileKSzOG1"
1639256300957	Marionette	INFO	Marionette enabled
console.warn: SearchSettings: "get: No settings file exists, new profile?" (new NotFoundError("Could not open the file at C:\\Users\\pawel\\AppData\\Local\\Temp\\rust_mozprofileKSzOG1\\search.json.mozlz4", (void 0)))
1639256302810	Marionette	INFO	Listening on port 62971
1639256303153	RemoteAgent	WARN	TLS certificate errors will be ignored for this session
JavaScript error: resource://gre/actors/AutoCompleteChild.jsm, line 125: Error: Invalid autocomplete selectedIndex
1639256309356	Marionette	INFO	Stopped listening on port 62971
JavaScript error: resource:///modules/Interactions.jsm, line 201: NS_ERROR_FAILURE: Component returned failure code: 0x80004005 (NS_ERROR_FAILURE) [nsIUserIdleService.removeIdleObserver]

###!!! [Parent][RunMessage] Error: Channel closing: too late to send/recv, messages will be lost

1639256309815	geckodriver	INFO	Listening on 127.0.0.1:63019
1639256312886	mozrunner::runner	INFO	Running command: "C:\\Program Files\\Mozilla Firefox\\firefox.exe" "--marionette" "-no-remote" "-profile" "C:\\Users\\pawel\\AppData\\Local\\Temp\\rust_mozprofile4imUzw"
1639256313115	Marionette	INFO	Marionette enabled
console.warn: SearchSettings: "get: No settings file exists, new profile?" (new NotFoundError("Could not open the file at C:\\Users\\pawel\\AppData\\Local\\Temp\\rust_mozprofile4imUzw\\search.json.mozlz4", (void 0)))
1639256315010	Marionette	INFO	Listening on port 63028
1639256315042	RemoteAgent	WARN	TLS certificate errors will be ignored for this session
JavaScript error: resource://gre/actors/AutoCompleteChild.jsm, line 125: Error: Invalid autocomplete selectedIndex
1639256318164	Marionette	INFO	Stopped listening on port 63028
JavaScript error: resource:///modules/Interactions.jsm, line 201: NS_ERROR_FAILURE: Component returned failure code: 0x80004005 (NS_ERROR_FAILURE) [nsIUserIdleService.removeIdleObserver]

###!!! [Parent][RunMessage] Error: Channel closing: too late to send/recv, messages will be lost

1639256318643	geckodriver	INFO	Listening on 127.0.0.1:63074
1639256321700	mozrunner::runner	INFO	Running command: "C:\\Program Files\\Mozilla Firefox\\firefox.exe" "--marionette" "-no-remote" "-profile" "C:\\Users\\pawel\\AppData\\Local\\Temp\\rust_mozprofile6UVGii"
1639256321927	Marionette	INFO	Marionette enabled
console.warn: SearchSettings: "get: No settings file exists, new profile?" (new NotFoundError("Could not open the file at C:\\Users\\pawel\\AppData\\Local\\Temp\\rust_mozprofile6UVGii\\search.json.mozlz4", (void 0)))
1639256323807	Marionette	INFO	Listening on port 63083
1639256323860	RemoteAgent	WARN	TLS certificate errors will be ignored for this session
1639256323942	Marionette	INFO	Stopped listening on port 63083
JavaScript error: resource:///modules/Interactions.jsm, line 201: NS_ERROR_FAILURE: Component returned failure code: 0x80004005 (NS_ERROR_FAILURE) [nsIUserIdleService.removeIdleObserver]
console.warn: services.settings: main/partitioning-exempt-urls sync interrupted by shutdown
console.error: Region.jsm: "Error fetching region" (new TypeError("NetworkError when attempting to fetch resource.", ""))
console.error: Region.jsm: "Failed to fetch region" (new Error("NO_RESULT", "resource://gre/modules/Region.jsm", 419))

###!!! [Parent][RunMessage] Error: Channel closing: too late to send/recv, messages will be lost

1639256361025	geckodriver	INFO	Listening on 127.0.0.1:63134
1639256364096	mozrunner::runner	INFO	Running command: "C:\\Program Files\\Mozilla Firefox\\firefox.exe" "--marionette" "-no-remote" "-profile" "C:\\Users\\pawel\\AppData\\Local\\Temp\\rust_mozprofileVvxLdh"
1639256364350	Marionette	INFO	Marionette enabled
console.warn: SearchSettings: "get: No settings file exists, new profile?" (new NotFoundError("Could not open the file at C:\\Users\\pawel\\AppData\\Local\\Temp\\rust_mozprofileVvxLdh\\search.json.mozlz4", (void 0)))
1639256366262	Marionette	INFO	Listening on port 63142
1639256366766	RemoteAgent	WARN	TLS certificate errors will be ignored for this session
JavaScript error: resource://gre/actors/AutoCompleteChild.jsm, line 125: Error: Invalid autocomplete selectedIndex
1639256372950	Marionette	INFO	Stopped listening on port 63142
JavaScript error: resource:///modules/Interactions.jsm, line 201: NS_ERROR_FAILURE: Component returned failure code: 0x80004005 (NS_ERROR_FAILURE) [nsIUserIdleService.removeIdleObserver]

###!!! [Parent][RunMessage] Error: Channel closing: too late to send/recv, messages will be lost

1639256373411	geckodriver	INFO	Listening on 127.0.0.1:63192
1639256376457	mozrunner::runner	INFO	Running command: "C:\\Program Files\\Mozilla Firefox\\firefox.exe" "--marionette" "-no-remote" "-profile" "C:\\Users\\pawel\\AppData\\Local\\Temp\\rust_mozprofilet8233t"
1639256376693	Marionette	INFO	Marionette enabled
console.warn: SearchSettings: "get: No settings file exists, new profile?" (new NotFoundError("Could not open the file at C:\\Users\\pawel\\AppData\\Local\\Temp\\rust_mozprofilet8233t\\search.json.mozlz4", (void 0)))
1639256378555	Marionette	INFO	Listening on port 63202
1639256378609	RemoteAgent	WARN	TLS certificate errors will be ignored for this session
JavaScript error: resource://gre/actors/AutoCompleteChild.jsm, line 125: Error: Invalid autocomplete selectedIndex
1639256381731	Marionette	INFO	Stopped listening on port 63202
JavaScript error: resource:///modules/Interactions.jsm, line 201: NS_ERROR_FAILURE: Component returned failure code: 0x80004005 (NS_ERROR_FAILURE) [nsIUserIdleService.removeIdleObserver]
1639256382217	geckodriver	INFO	Listening on 127.0.0.1:63250
1639256385282	mozrunner::runner	INFO	Running command: "C:\\Program Files\\Mozilla Firefox\\firefox.exe" "--marionette" "-no-remote" "-profile" "C:\\Users\\pawel\\AppData\\Local\\Temp\\rust_mozprofileQbGOJc"
1639256385506	Marionette	INFO	Marionette enabled
console.warn: SearchSettings: "get: No settings file exists, new profile?" (new NotFoundError("Could not open the file at C:\\Users\\pawel\\AppData\\Local\\Temp\\rust_mozprofileQbGOJc\\search.json.mozlz4", (void 0)))
1639256387340	Marionette	INFO	Listening on port 63259
1639256387444	RemoteAgent	WARN	TLS certificate errors will be ignored for this session
1639256387518	Marionette	INFO	Stopped listening on port 63259
JavaScript error: resource:///modules/Interactions.jsm, line 201: NS_ERROR_FAILURE: Component returned failure code: 0x80004005 (NS_ERROR_FAILURE) [nsIUserIdleService.removeIdleObserver]
console.warn: services.settings: main/partitioning-exempt-urls sync interrupted by shutdown
console.error: Region.jsm: "Error fetching region" (new TypeError("NetworkError when attempting to fetch resource.", ""))
console.error: Region.jsm: "Failed to fetch region" (new Error("NO_RESULT", "resource://gre/modules/Region.jsm", 419))

###!!! [Parent][RunMessage] Error: Channel closing: too late to send/recv, messages will be lost

1639256517335	geckodriver	INFO	Listening on 127.0.0.1:63331
1639256520374	mozrunner::runner	INFO	Running command: "C:\\Program Files\\Mozilla Firefox\\firefox.exe" "--marionette" "-no-remote" "-profile" "C:\\Users\\pawel\\AppData\\Local\\Temp\\rust_mozprofileTDWBzQ"
1639256520645	Marionette	INFO	Marionette enabled
console.warn: SearchSettings: "get: No settings file exists, new profile?" (new NotFoundError("Could not open the file at C:\\Users\\pawel\\AppData\\Local\\Temp\\rust_mozprofileTDWBzQ\\search.json.mozlz4", (void 0)))
1639256522535	Marionette	INFO	Listening on port 63339
1639256523030	RemoteAgent	WARN	TLS certificate errors will be ignored for this session
JavaScript error: resource://gre/actors/AutoCompleteChild.jsm, line 125: Error: Invalid autocomplete selectedIndex
1639256529191	Marionette	INFO	Stopped listening on port 63339
JavaScript error: resource:///modules/Interactions.jsm, line 201: NS_ERROR_FAILURE: Component returned failure code: 0x80004005 (NS_ERROR_FAILURE) [nsIUserIdleService.removeIdleObserver]

###!!! [Parent][RunMessage] Error: Channel closing: too late to send/recv, messages will be lost

1639256529650	geckodriver	INFO	Listening on 127.0.0.1:63388
1639256532729	mozrunner::runner	INFO	Running command: "C:\\Program Files\\Mozilla Firefox\\firefox.exe" "--marionette" "-no-remote" "-profile" "C:\\Users\\pawel\\AppData\\Local\\Temp\\rust_mozprofiledOjhbY"
1639256532961	Marionette	INFO	Marionette enabled
console.warn: SearchSettings: "get: No settings file exists, new profile?" (new NotFoundError("Could not open the file at C:\\Users\\pawel\\AppData\\Local\\Temp\\rust_mozprofiledOjhbY\\search.json.mozlz4", (void 0)))
1639256534885	Marionette	INFO	Listening on port 63397
1639256535397	RemoteAgent	WARN	TLS certificate errors will be ignored for this session
JavaScript error: resource://gre/actors/AutoCompleteChild.jsm, line 125: Error: Invalid autocomplete selectedIndex
1639256538515	Marionette	INFO	Stopped listening on port 63397
JavaScript error: resource:///modules/Interactions.jsm, line 201: NS_ERROR_FAILURE: Component returned failure code: 0x80004005 (NS_ERROR_FAILURE) [nsIUserIdleService.removeIdleObserver]
1639256538990	geckodriver	INFO	Listening on 127.0.0.1:63443
1639256542062	mozrunner::runner	INFO	Running command: "C:\\Program Files\\Mozilla Firefox\\firefox.exe" "--marionette" "-no-remote" "-profile" "C:\\Users\\pawel\\AppData\\Local\\Temp\\rust_mozprofile9edfwS"
1639256542309	Marionette	INFO	Marionette enabled
console.warn: SearchSettings: "get: No settings file exists, new profile?" (new NotFoundError("Could not open the file at C:\\Users\\pawel\\AppData\\Local\\Temp\\rust_mozprofile9edfwS\\search.json.mozlz4", (void 0)))
1639256544014	Marionette	INFO	Listening on port 63452
1639256544138	RemoteAgent	WARN	TLS certificate errors will be ignored for this session
1639256544219	Marionette	INFO	Stopped listening on port 63452
JavaScript error: resource:///modules/Interactions.jsm, line 201: NS_ERROR_FAILURE: Component returned failure code: 0x80004005 (NS_ERROR_FAILURE) [nsIUserIdleService.removeIdleObserver]
console.warn: services.settings: main/partitioning-exempt-urls sync interrupted by shutdown
console.error: Region.jsm: "Error fetching region" (new TypeError("NetworkError when attempting to fetch resource.", ""))
console.error: Region.jsm: "Failed to fetch region" (new Error("NO_RESULT", "resource://gre/modules/Region.jsm", 419))
1639256566925	geckodriver	INFO	Listening on 127.0.0.1:63530
1639256569968	mozrunner::runner	INFO	Running command: "C:\\Program Files\\Mozilla Firefox\\firefox.exe" "--marionette" "-no-remote" "-profile" "C:\\Users\\pawel\\AppData\\Local\\Temp\\rust_mozprofileo4OlVB"
1639256570211	Marionette	INFO	Marionette enabled
console.warn: SearchSettings: "get: No settings file exists, new profile?" (new NotFoundError("Could not open the file at C:\\Users\\pawel\\AppData\\Local\\Temp\\rust_mozprofileo4OlVB\\search.json.mozlz4", (void 0)))
1639256572179	Marionette	INFO	Listening on port 63538
1639256572659	RemoteAgent	WARN	TLS certificate errors will be ignored for this session
JavaScript error: resource://gre/actors/AutoCompleteChild.jsm, line 125: Error: Invalid autocomplete selectedIndex
1639256578800	Marionette	INFO	Stopped listening on port 63538
JavaScript error: resource:///modules/Interactions.jsm, line 201: NS_ERROR_FAILURE: Component returned failure code: 0x80004005 (NS_ERROR_FAILURE) [nsIUserIdleService.removeIdleObserver]

###!!! [Parent][RunMessage] Error: Channel closing: too late to send/recv, messages will be lost

1639256579265	geckodriver	INFO	Listening on 127.0.0.1:63583
1639256582328	mozrunner::runner	INFO	Running command: "C:\\Program Files\\Mozilla Firefox\\firefox.exe" "--marionette" "-no-remote" "-profile" "C:\\Users\\pawel\\AppData\\Local\\Temp\\rust_mozprofile4y0typ"
1639256582566	Marionette	INFO	Marionette enabled
console.warn: SearchSettings: "get: No settings file exists, new profile?" (new NotFoundError("Could not open the file at C:\\Users\\pawel\\AppData\\Local\\Temp\\rust_mozprofile4y0typ\\search.json.mozlz4", (void 0)))
1639256584270	Marionette	INFO	Listening on port 63592
1639256584372	RemoteAgent	WARN	TLS certificate errors will be ignored for this session
JavaScript error: resource://gre/actors/AutoCompleteChild.jsm, line 125: Error: Invalid autocomplete selectedIndex
1639256587489	Marionette	INFO	Stopped listening on port 63592
JavaScript error: resource:///modules/Interactions.jsm, line 201: NS_ERROR_FAILURE: Component returned failure code: 0x80004005 (NS_ERROR_FAILURE) [nsIUserIdleService.removeIdleObserver]

###!!! [Parent][RunMessage] Error: Channel closing: too late to send/recv, messages will be lost

1639256587973	geckodriver	INFO	Listening on 127.0.0.1:63636
1639256591044	mozrunner::runner	INFO	Running command: "C:\\Program Files\\Mozilla Firefox\\firefox.exe" "--marionette" "-no-remote" "-profile" "C:\\Users\\pawel\\AppData\\Local\\Temp\\rust_mozprofilej5Y70Z"
1639256591284	Marionette	INFO	Marionette enabled
console.warn: SearchSettings: "get: No settings file exists, new profile?" (new NotFoundError("Could not open the file at C:\\Users\\pawel\\AppData\\Local\\Temp\\rust_mozprofilej5Y70Z\\search.json.mozlz4", (void 0)))
1639256593190	Marionette	INFO	Listening on port 63646
1639256593205	RemoteAgent	WARN	TLS certificate errors will be ignored for this session
1639256593291	Marionette	INFO	Stopped listening on port 63646
JavaScript error: resource:///modules/Interactions.jsm, line 201: NS_ERROR_FAILURE: Component returned failure code: 0x80004005 (NS_ERROR_FAILURE) [nsIUserIdleService.removeIdleObserver]
console.warn: services.settings: main/partitioning-exempt-urls sync interrupted by shutdown
console.error: Region.jsm: "Error fetching region" (new TypeError("NetworkError when attempting to fetch resource.", ""))
console.error: Region.jsm: "Failed to fetch region" (new Error("NO_RESULT", "resource://gre/modules/Region.jsm", 419))

###!!! [Parent][RunMessage] Error: Channel closing: too late to send/recv, messages will be lost

1639295920181	geckodriver	INFO	Listening on 127.0.0.1:57853
1639295923219	mozrunner::runner	INFO	Running command: "C:\\Program Files\\Mozilla Firefox\\firefox.exe" "--marionette" "-no-remote" "-profile" "C:\\Users\\pawel\\AppData\\Local\\Temp\\rust_mozprofilej0HJsi"
1639295923700	Marionette	INFO	Marionette enabled
console.warn: SearchSettings: "get: No settings file exists, new profile?" (new NotFoundError("Could not open the file at C:\\Users\\pawel\\AppData\\Local\\Temp\\rust_mozprofilej0HJsi\\search.json.mozlz4", (void 0)))
1639295925577	Marionette	INFO	Listening on port 57882
1639295925900	RemoteAgent	WARN	TLS certificate errors will be ignored for this session
JavaScript error: resource://gre/actors/AutoCompleteChild.jsm, line 125: Error: Invalid autocomplete selectedIndex
1639295932114	Marionette	INFO	Stopped listening on port 57882
JavaScript error: resource:///modules/Interactions.jsm, line 201: NS_ERROR_FAILURE: Component returned failure code: 0x80004005 (NS_ERROR_FAILURE) [nsIUserIdleService.removeIdleObserver]

###!!! [Parent][RunMessage] Error: Channel closing: too late to send/recv, messages will be lost

1639295932588	geckodriver	INFO	Listening on 127.0.0.1:57992
1639295935621	mozrunner::runner	INFO	Running command: "C:\\Program Files\\Mozilla Firefox\\firefox.exe" "--marionette" "-no-remote" "-profile" "C:\\Users\\pawel\\AppData\\Local\\Temp\\rust_mozprofile9ebNfv"
1639295935902	Marionette	INFO	Marionette enabled
console.warn: SearchSettings: "get: No settings file exists, new profile?" (new NotFoundError("Could not open the file at C:\\Users\\pawel\\AppData\\Local\\Temp\\rust_mozprofile9ebNfv\\search.json.mozlz4", (void 0)))
1639295937789	Marionette	INFO	Listening on port 58019
1639295937824	RemoteAgent	WARN	TLS certificate errors will be ignored for this session
JavaScript error: resource://gre/actors/AutoCompleteChild.jsm, line 125: Error: Invalid autocomplete selectedIndex
1639295940960	Marionette	INFO	Stopped listening on port 58019
JavaScript error: resource:///modules/Interactions.jsm, line 201: NS_ERROR_FAILURE: Component returned failure code: 0x80004005 (NS_ERROR_FAILURE) [nsIUserIdleService.removeIdleObserver]

###!!! [Parent][RunMessage] Error: Channel closing: too late to send/recv, messages will be lost

1639295941404	geckodriver	INFO	Listening on 127.0.0.1:58057
1639295944456	mozrunner::runner	INFO	Running command: "C:\\Program Files\\Mozilla Firefox\\firefox.exe" "--marionette" "-no-remote" "-profile" "C:\\Users\\pawel\\AppData\\Local\\Temp\\rust_mozprofile9sJ0xy"
1639295944707	Marionette	INFO	Marionette enabled
console.warn: SearchSettings: "get: No settings file exists, new profile?" (new NotFoundError("Could not open the file at C:\\Users\\pawel\\AppData\\Local\\Temp\\rust_mozprofile9sJ0xy\\search.json.mozlz4", (void 0)))
1639295946629	Marionette	INFO	Listening on port 58066
1639295947118	RemoteAgent	WARN	TLS certificate errors will be ignored for this session
1639295947201	Marionette	INFO	Stopped listening on port 58066
JavaScript error: resource:///modules/Interactions.jsm, line 201: NS_ERROR_FAILURE: Component returned failure code: 0x80004005 (NS_ERROR_FAILURE) [nsIUserIdleService.removeIdleObserver]
console.warn: services.settings: main/partitioning-exempt-urls sync interrupted by shutdown

###!!! [Parent][RunMessage] Error: Channel closing: too late to send/recv, messages will be lost

1639295954038	geckodriver	INFO	Listening on 127.0.0.1:58100
1639295957055	mozrunner::runner	INFO	Running command: "C:\\Program Files\\Mozilla Firefox\\firefox.exe" "--marionette" "-no-remote" "-profile" "C:\\Users\\pawel\\AppData\\Local\\Temp\\rust_mozprofileFVoyxl"
1639295957307	Marionette	INFO	Marionette enabled
console.warn: SearchSettings: "get: No settings file exists, new profile?" (new NotFoundError("Could not open the file at C:\\Users\\pawel\\AppData\\Local\\Temp\\rust_mozprofileFVoyxl\\search.json.mozlz4", (void 0)))
1639295959197	Marionette	INFO	Listening on port 58108
1639295959712	RemoteAgent	WARN	TLS certificate errors will be ignored for this session
JavaScript error: resource://gre/actors/AutoCompleteChild.jsm, line 125: Error: Invalid autocomplete selectedIndex
1639295965878	Marionette	INFO	Stopped listening on port 58108
JavaScript error: resource:///modules/Interactions.jsm, line 201: NS_ERROR_FAILURE: Component returned failure code: 0x80004005 (NS_ERROR_FAILURE) [nsIUserIdleService.removeIdleObserver]
1639295966330	geckodriver	INFO	Listening on 127.0.0.1:58154
1639295969401	mozrunner::runner	INFO	Running command: "C:\\Program Files\\Mozilla Firefox\\firefox.exe" "--marionette" "-no-remote" "-profile" "C:\\Users\\pawel\\AppData\\Local\\Temp\\rust_mozprofileaxYRYj"
1639295969635	Marionette	INFO	Marionette enabled
console.warn: SearchSettings: "get: No settings file exists, new profile?" (new NotFoundError("Could not open the file at C:\\Users\\pawel\\AppData\\Local\\Temp\\rust_mozprofileaxYRYj\\search.json.mozlz4", (void 0)))
1639295971517	Marionette	INFO	Listening on port 58163
1639295971567	RemoteAgent	WARN	TLS certificate errors will be ignored for this session
JavaScript error: resource://gre/actors/AutoCompleteChild.jsm, line 125: Error: Invalid autocomplete selectedIndex
1639295974701	Marionette	INFO	Stopped listening on port 58163
JavaScript error: resource:///modules/Interactions.jsm, line 201: NS_ERROR_FAILURE: Component returned failure code: 0x80004005 (NS_ERROR_FAILURE) [nsIUserIdleService.removeIdleObserver]

###!!! [Parent][RunMessage] Error: Channel closing: too late to send/recv, messages will be lost

1639295975185	geckodriver	INFO	Listening on 127.0.0.1:58208
1639295978220	mozrunner::runner	INFO	Running command: "C:\\Program Files\\Mozilla Firefox\\firefox.exe" "--marionette" "-no-remote" "-profile" "C:\\Users\\pawel\\AppData\\Local\\Temp\\rust_mozprofilecwfOL0"
1639295978460	Marionette	INFO	Marionette enabled
console.warn: SearchSettings: "get: No settings file exists, new profile?" (new NotFoundError("Could not open the file at C:\\Users\\pawel\\AppData\\Local\\Temp\\rust_mozprofilecwfOL0\\search.json.mozlz4", (void 0)))
1639295980356	Marionette	INFO	Listening on port 58216
1639295980884	RemoteAgent	WARN	TLS certificate errors will be ignored for this session
1639295980966	Marionette	INFO	Stopped listening on port 58216
JavaScript error: resource:///modules/Interactions.jsm, line 201: NS_ERROR_FAILURE: Component returned failure code: 0x80004005 (NS_ERROR_FAILURE) [nsIUserIdleService.removeIdleObserver]
1639296326888	geckodriver	INFO	Listening on 127.0.0.1:58451
1639296329949	mozrunner::runner	INFO	Running command: "C:\\Program Files\\Mozilla Firefox\\firefox.exe" "--marionette" "-no-remote" "-profile" "C:\\Users\\pawel\\AppData\\Local\\Temp\\rust_mozprofileYCQSAH"
1639296332134	geckodriver	INFO	Listening on 127.0.0.1:58462
1639296335196	mozrunner::runner	INFO	Running command: "C:\\Program Files\\Mozilla Firefox\\firefox.exe" "--marionette" "-no-remote" "-profile" "C:\\Users\\pawel\\AppData\\Local\\Temp\\rust_mozprofileF0YftC"
1639296406002	geckodriver	INFO	Listening on 127.0.0.1:58633
1639296409070	mozrunner::runner	INFO	Running command: "C:\\Program Files\\Mozilla Firefox\\firefox.exe" "--marionette" "-no-remote" "-profile" "C:\\Users\\pawel\\AppData\\Local\\Temp\\rust_mozprofileYChVlV"
1639296409337	Marionette	INFO	Marionette enabled
console.warn: SearchSettings: "get: No settings file exists, new profile?" (new NotFoundError("Could not open the file at C:\\Users\\pawel\\AppData\\Local\\Temp\\rust_mozprofileYChVlV\\search.json.mozlz4", (void 0)))
1639296411065	Marionette	INFO	Listening on port 58643
1639296411114	RemoteAgent	WARN	TLS certificate errors will be ignored for this session
JavaScript error: resource://gre/actors/AutoCompleteChild.jsm, line 125: Error: Invalid autocomplete selectedIndex
JavaScript error: resource://gre/actors/AutoCompleteChild.jsm, line 125: Error: Invalid autocomplete selectedIndex
JavaScript error: resource://gre/modules/LoginManagerChild.jsm, line 194: NS_ERROR_XPC_JAVASCRIPT_ERROR_WITH_DETAILS: [JavaScript Error: "Invalid autocomplete selectedIndex" {file: "resource://gre/actors/AutoCompleteChild.jsm" line: 125}]'[JavaScript Error: "Invalid autocomplete selectedIndex" {file: "resource://gre/actors/AutoCompleteChild.jsm" line: 125}]' when calling method: [nsIAutoCompletePopup::selectedIndex]
1639296417308	Marionette	INFO	Stopped listening on port 58643

###!!! [Parent][RunMessage] Error: Channel closing: too late to send/recv, messages will be lost

1639296417768	geckodriver	INFO	Listening on 127.0.0.1:58689
1639296420818	mozrunner::runner	INFO	Running command: "C:\\Program Files\\Mozilla Firefox\\firefox.exe" "--marionette" "-no-remote" "-profile" "C:\\Users\\pawel\\AppData\\Local\\Temp\\rust_mozprofileonHEYI"
1639296421061	Marionette	INFO	Marionette enabled
console.warn: SearchSettings: "get: No settings file exists, new profile?" (new NotFoundError("Could not open the file at C:\\Users\\pawel\\AppData\\Local\\Temp\\rust_mozprofileonHEYI\\search.json.mozlz4", (void 0)))
1639296422798	Marionette	INFO	Listening on port 58698
1639296422853	RemoteAgent	WARN	TLS certificate errors will be ignored for this session
JavaScript error: resource://gre/actors/AutoCompleteChild.jsm, line 125: Error: Invalid autocomplete selectedIndex
JavaScript error: resource://gre/actors/AutoCompleteChild.jsm, line 125: Error: Invalid autocomplete selectedIndex
JavaScript error: resource://gre/modules/LoginManagerChild.jsm, line 194: NS_ERROR_XPC_JAVASCRIPT_ERROR_WITH_DETAILS: [JavaScript Error: "Invalid autocomplete selectedIndex" {file: "resource://gre/actors/AutoCompleteChild.jsm" line: 125}]'[JavaScript Error: "Invalid autocomplete selectedIndex" {file: "resource://gre/actors/AutoCompleteChild.jsm" line: 125}]' when calling method: [nsIAutoCompletePopup::selectedIndex]
1639296425990	Marionette	INFO	Stopped listening on port 58698

###!!! [Parent][RunMessage] Error: Channel closing: too late to send/recv, messages will be lost

1639296426436	geckodriver	INFO	Listening on 127.0.0.1:58736
1639296429496	mozrunner::runner	INFO	Running command: "C:\\Program Files\\Mozilla Firefox\\firefox.exe" "--marionette" "-no-remote" "-profile" "C:\\Users\\pawel\\AppData\\Local\\Temp\\rust_mozprofileiZEKli"
1639296429730	Marionette	INFO	Marionette enabled
console.warn: SearchSettings: "get: No settings file exists, new profile?" (new NotFoundError("Could not open the file at C:\\Users\\pawel\\AppData\\Local\\Temp\\rust_mozprofileiZEKli\\search.json.mozlz4", (void 0)))
1639296431628	Marionette	INFO	Listening on port 58744
1639296431657	RemoteAgent	WARN	TLS certificate errors will be ignored for this session
1639296431768	Marionette	INFO	Stopped listening on port 58744
console.error: Region.jsm: "Error fetching region" (new TypeError("NetworkError when attempting to fetch resource.", ""))
console.error: Region.jsm: "Failed to fetch region" (new Error("NO_RESULT", "resource://gre/modules/Region.jsm", 419))

###!!! [Parent][RunMessage] Error: Channel closing: too late to send/recv, messages will be lost

1639296893067	geckodriver	INFO	Listening on 127.0.0.1:58917
1639296896137	mozrunner::runner	INFO	Running command: "C:\\Program Files\\Mozilla Firefox\\firefox.exe" "--marionette" "-no-remote" "-profile" "C:\\Users\\pawel\\AppData\\Local\\Temp\\rust_mozprofilePLFiOo"
1639296896379	Marionette	INFO	Marionette enabled
console.warn: SearchSettings: "get: No settings file exists, new profile?" (new NotFoundError("Could not open the file at C:\\Users\\pawel\\AppData\\Local\\Temp\\rust_mozprofilePLFiOo\\search.json.mozlz4", (void 0)))
1639296898412	Marionette	INFO	Listening on port 58926
1639296898813	RemoteAgent	WARN	TLS certificate errors will be ignored for this session
JavaScript error: resource://gre/actors/AutoCompleteChild.jsm, line 125: Error: Invalid autocomplete selectedIndex
JavaScript error: resource://gre/actors/AutoCompleteChild.jsm, line 125: Error: Invalid autocomplete selectedIndex
JavaScript error: resource://gre/modules/LoginManagerChild.jsm, line 194: NS_ERROR_XPC_JAVASCRIPT_ERROR_WITH_DETAILS: [JavaScript Error: "Invalid autocomplete selectedIndex" {file: "resource://gre/actors/AutoCompleteChild.jsm" line: 125}]'[JavaScript Error: "Invalid autocomplete selectedIndex" {file: "resource://gre/actors/AutoCompleteChild.jsm" line: 125}]' when calling method: [nsIAutoCompletePopup::selectedIndex]
1639296904981	Marionette	INFO	Stopped listening on port 58926

###!!! [Parent][RunMessage] Error: Channel closing: too late to send/recv, messages will be lost

1639296905456	geckodriver	INFO	Listening on 127.0.0.1:58974
1639296908530	mozrunner::runner	INFO	Running command: "C:\\Program Files\\Mozilla Firefox\\firefox.exe" "--marionette" "-no-remote" "-profile" "C:\\Users\\pawel\\AppData\\Local\\Temp\\rust_mozprofileRFfnDz"
1639296908777	Marionette	INFO	Marionette enabled
console.warn: SearchSettings: "get: No settings file exists, new profile?" (new NotFoundError("Could not open the file at C:\\Users\\pawel\\AppData\\Local\\Temp\\rust_mozprofileRFfnDz\\search.json.mozlz4", (void 0)))
1639296910667	Marionette	INFO	Listening on port 58983
1639296910694	RemoteAgent	WARN	TLS certificate errors will be ignored for this session
JavaScript error: resource://gre/actors/AutoCompleteChild.jsm, line 125: Error: Invalid autocomplete selectedIndex
JavaScript error: resource://gre/actors/AutoCompleteChild.jsm, line 125: Error: Invalid autocomplete selectedIndex
JavaScript error: resource://gre/modules/LoginManagerChild.jsm, line 194: NS_ERROR_XPC_JAVASCRIPT_ERROR_WITH_DETAILS: [JavaScript Error: "Invalid autocomplete selectedIndex" {file: "resource://gre/actors/AutoCompleteChild.jsm" line: 125}]'[JavaScript Error: "Invalid autocomplete selectedIndex" {file: "resource://gre/actors/AutoCompleteChild.jsm" line: 125}]' when calling method: [nsIAutoCompletePopup::selectedIndex]
1639296913813	Marionette	INFO	Stopped listening on port 58983

###!!! [Parent][RunMessage] Error: Channel closing: too late to send/recv, messages will be lost

1639296914275	geckodriver	INFO	Listening on 127.0.0.1:59027
1639296917320	mozrunner::runner	INFO	Running command: "C:\\Program Files\\Mozilla Firefox\\firefox.exe" "--marionette" "-no-remote" "-profile" "C:\\Users\\pawel\\AppData\\Local\\Temp\\rust_mozprofileOUxWaK"
1639296917561	Marionette	INFO	Marionette enabled
console.warn: SearchSettings: "get: No settings file exists, new profile?" (new NotFoundError("Could not open the file at C:\\Users\\pawel\\AppData\\Local\\Temp\\rust_mozprofileOUxWaK\\search.json.mozlz4", (void 0)))
1639296919483	Marionette	INFO	Listening on port 59035
1639296919984	RemoteAgent	WARN	TLS certificate errors will be ignored for this session
1639296920082	Marionette	INFO	Stopped listening on port 59035

###!!! [Parent][RunMessage] Error: Channel closing: too late to send/recv, messages will be lost

1639298209586	geckodriver	INFO	Listening on 127.0.0.1:59979
1639298212636	mozrunner::runner	INFO	Running command: "C:\\Program Files\\Mozilla Firefox\\firefox.exe" "--marionette" "-no-remote" "-profile" "C:\\Users\\pawel\\AppData\\Local\\Temp\\rust_mozprofilesegOOY"
1639298212877	Marionette	INFO	Marionette enabled
console.warn: SearchSettings: "get: No settings file exists, new profile?" (new NotFoundError("Could not open the file at C:\\Users\\pawel\\AppData\\Local\\Temp\\rust_mozprofilesegOOY\\search.json.mozlz4", (void 0)))
1639298214844	Marionette	INFO	Listening on port 59988
1639298215278	RemoteAgent	WARN	TLS certificate errors will be ignored for this session
JavaScript error: resource://gre/actors/AutoCompleteChild.jsm, line 125: Error: Invalid autocomplete selectedIndex
JavaScript error: resource://gre/actors/AutoCompleteChild.jsm, line 125: Error: Invalid autocomplete selectedIndex
JavaScript error: resource://gre/modules/LoginManagerChild.jsm, line 194: NS_ERROR_XPC_JAVASCRIPT_ERROR_WITH_DETAILS: [JavaScript Error: "Invalid autocomplete selectedIndex" {file: "resource://gre/actors/AutoCompleteChild.jsm" line: 125}]'[JavaScript Error: "Invalid autocomplete selectedIndex" {file: "resource://gre/actors/AutoCompleteChild.jsm" line: 125}]' when calling method: [nsIAutoCompletePopup::selectedIndex]
1639298221467	Marionette	INFO	Stopped listening on port 59988

###!!! [Parent][RunMessage] Error: Channel closing: too late to send/recv, messages will be lost

1639298221928	geckodriver	INFO	Listening on 127.0.0.1:60035
1639298224971	mozrunner::runner	INFO	Running command: "C:\\Program Files\\Mozilla Firefox\\firefox.exe" "--marionette" "-no-remote" "-profile" "C:\\Users\\pawel\\AppData\\Local\\Temp\\rust_mozprofileqcBodl"
1639298225197	Marionette	INFO	Marionette enabled
console.warn: SearchSettings: "get: No settings file exists, new profile?" (new NotFoundError("Could not open the file at C:\\Users\\pawel\\AppData\\Local\\Temp\\rust_mozprofileqcBodl\\search.json.mozlz4", (void 0)))
1639298227100	Marionette	INFO	Listening on port 60043
1639298227131	RemoteAgent	WARN	TLS certificate errors will be ignored for this session
JavaScript error: resource://gre/actors/AutoCompleteChild.jsm, line 125: Error: Invalid autocomplete selectedIndex
JavaScript error: resource://gre/actors/AutoCompleteChild.jsm, line 125: Error: Invalid autocomplete selectedIndex
JavaScript error: resource://gre/modules/LoginManagerChild.jsm, line 194: NS_ERROR_XPC_JAVASCRIPT_ERROR_WITH_DETAILS: [JavaScript Error: "Invalid autocomplete selectedIndex" {file: "resource://gre/actors/AutoCompleteChild.jsm" line: 125}]'[JavaScript Error: "Invalid autocomplete selectedIndex" {file: "resource://gre/actors/AutoCompleteChild.jsm" line: 125}]' when calling method: [nsIAutoCompletePopup::selectedIndex]
1639298230249	Marionette	INFO	Stopped listening on port 60043

###!!! [Parent][RunMessage] Error: Channel closing: too late to send/recv, messages will be lost

1639298230732	geckodriver	INFO	Listening on 127.0.0.1:60089
1639298233792	mozrunner::runner	INFO	Running command: "C:\\Program Files\\Mozilla Firefox\\firefox.exe" "--marionette" "-no-remote" "-profile" "C:\\Users\\pawel\\AppData\\Local\\Temp\\rust_mozprofilebAzaIz"
1639298234012	Marionette	INFO	Marionette enabled
console.warn: SearchSettings: "get: No settings file exists, new profile?" (new NotFoundError("Could not open the file at C:\\Users\\pawel\\AppData\\Local\\Temp\\rust_mozprofilebAzaIz\\search.json.mozlz4", (void 0)))
1639298235908	Marionette	INFO	Listening on port 60097
1639298235951	RemoteAgent	WARN	TLS certificate errors will be ignored for this session
1639298236048	Marionette	INFO	Stopped listening on port 60097
console.warn: services.settings: main/partitioning-exempt-urls sync interrupted by shutdown
console.error: Region.jsm: "Error fetching region" (new TypeError("NetworkError when attempting to fetch resource.", ""))
console.error: Region.jsm: "Failed to fetch region" (new Error("NO_RESULT", "resource://gre/modules/Region.jsm", 419))
console.error: services.settings: 
  main/query-stripping Signature failed  TypeError: NetworkError: Network request failed

###!!! [Parent][RunMessage] Error: Channel closing: too late to send/recv, messages will be lost

